1664430985106	geckodriver	INFO	Listening on 127.0.0.1:51469
1664430985209	mozrunner::runner	INFO	Running command: "/usr/bin/firefox" "--marionette" "-headless" "--remote-debugging-port" "42259" "--remote-allow-hosts" "localhost" "-no-remote" "-profile" "/tmp/rust_mozprofilemtraGz"
*** You are running in headless mode.
[GFX1-]: glxtest: VA-API test failed: failed to initialise VAAPI connection.
1664430985803	Marionette	INFO	Marionette enabled
1664430985809	Marionette	INFO	Listening on port 39971
Read port: 39971
WebDriver BiDi listening on ws://127.0.0.1:42259
1664430985958	RemoteAgent	WARN	TLS certificate errors will be ignored for this session
[GFX1-]: RenderCompositorSWGL failed mapping default framebuffer, no dt
console.warn: SearchSettings: "get: No settings file exists, new profile?" (new NotFoundError("Could not open the file at /tmp/rust_mozprofilemtraGz/search.json.mozlz4", (void 0)))
Missing chrome or resource URL: resource://gre/modules/UpdateListener.sys.mjs
DevTools listening on ws://127.0.0.1:42259/devtools/browser/92d991ae-6f62-4c6c-87f3-ee867b757c12
JavaScript warning: https://cdn.ftd.agency/libs/e.js, line 49: WEBGL_debug_renderer_info is deprecated in Firefox and will be removed. Please use RENDERER.
1664431006310	Marionette	INFO	Stopped listening on port 39971
Missing chrome or resource URL: resource://gre/modules/UpdateListener.sys.mjs
console.error: "Error during quit-application-granted: [Exception... \"File error: Not found\"  nsresult: \"0x80520012 (NS_ERROR_FILE_NOT_FOUND)\"  location: \"JS frame :: resource:///modules/BrowserGlue.jsm :: _onQuitApplicationGranted/tasks< :: line 2009\"  data: no]"
1664431030095	geckodriver	INFO	Listening on 127.0.0.1:50975
1664431030181	mozrunner::runner	INFO	Running command: "/usr/bin/firefox" "--marionette" "-headless" "--remote-debugging-port" "41969" "--remote-allow-hosts" "localhost" "-no-remote" "-profile" "/tmp/rust_mozprofilexl4TAn"
*** You are running in headless mode.
[GFX1-]: glxtest: VA-API test failed: failed to initialise VAAPI connection.
1664431030596	Marionette	INFO	Marionette enabled
1664431030601	Marionette	INFO	Listening on port 35541
WebDriver BiDi listening on ws://127.0.0.1:41969
Read port: 35541
1664431030843	RemoteAgent	WARN	TLS certificate errors will be ignored for this session
[GFX1-]: RenderCompositorSWGL failed mapping default framebuffer, no dt
console.warn: SearchSettings: "get: No settings file exists, new profile?" (new NotFoundError("Could not open the file at /tmp/rust_mozprofilexl4TAn/search.json.mozlz4", (void 0)))
Missing chrome or resource URL: resource://gre/modules/UpdateListener.sys.mjs
DevTools listening on ws://127.0.0.1:41969/devtools/browser/09daeb82-c7b5-46cb-af35-6b368e1eb620
JavaScript warning: https://cdn.ftd.agency/libs/e.js, line 49: WEBGL_debug_renderer_info is deprecated in Firefox and will be removed. Please use RENDERER.
JavaScript warning: https://cdn.ftd.agency/libs/e.js, line 49: WEBGL_debug_renderer_info is deprecated in Firefox and will be removed. Please use RENDERER.
1664431051665	Marionette	INFO	Stopped listening on port 35541
Missing chrome or resource URL: resource://gre/modules/UpdateListener.sys.mjs
console.error: "Error during quit-application-granted: [Exception... \"File error: Not found\"  nsresult: \"0x80520012 (NS_ERROR_FILE_NOT_FOUND)\"  location: \"JS frame :: resource:///modules/BrowserGlue.jsm :: _onQuitApplicationGranted/tasks< :: line 2009\"  data: no]"
1664431154351	geckodriver	INFO	Listening on 127.0.0.1:35791
1664431154439	mozrunner::runner	INFO	Running command: "/usr/bin/firefox" "--marionette" "-headless" "--remote-debugging-port" "35057" "--remote-allow-hosts" "localhost" "-no-remote" "-profile" "/tmp/rust_mozprofileFkSFoj"
*** You are running in headless mode.
[GFX1-]: glxtest: VA-API test failed: failed to initialise VAAPI connection.
1664431154933	Marionette	INFO	Marionette enabled
1664431154939	Marionette	INFO	Listening on port 40311
Read port: 40311
WebDriver BiDi listening on ws://127.0.0.1:35057
1664431155078	RemoteAgent	WARN	TLS certificate errors will be ignored for this session
[GFX1-]: RenderCompositorSWGL failed mapping default framebuffer, no dt
console.warn: SearchSettings: "get: No settings file exists, new profile?" (new NotFoundError("Could not open the file at /tmp/rust_mozprofileFkSFoj/search.json.mozlz4", (void 0)))
Missing chrome or resource URL: resource://gre/modules/UpdateListener.sys.mjs
DevTools listening on ws://127.0.0.1:35057/devtools/browser/b101d1cf-d630-427e-9dac-9385d1f8ba83
JavaScript warning: https://cdn.ftd.agency/libs/e.js, line 49: WEBGL_debug_renderer_info is deprecated in Firefox and will be removed. Please use RENDERER.
1664431175260	Marionette	INFO	Stopped listening on port 40311
Missing chrome or resource URL: resource://gre/modules/UpdateListener.sys.mjs
console.error: "Error during quit-application-granted: [Exception... \"File error: Not found\"  nsresult: \"0x80520012 (NS_ERROR_FILE_NOT_FOUND)\"  location: \"JS frame :: resource:///modules/BrowserGlue.jsm :: _onQuitApplicationGranted/tasks< :: line 2009\"  data: no]"
1664431933101	geckodriver	INFO	Listening on 127.0.0.1:44679
1664431933193	mozrunner::runner	INFO	Running command: "/usr/bin/firefox" "--marionette" "-headless" "--remote-debugging-port" "55601" "--remote-allow-hosts" "localhost" "-no-remote" "-profile" "/tmp/rust_mozprofiledWtioo"
*** You are running in headless mode.
[GFX1-]: glxtest: VA-API test failed: failed to initialise VAAPI connection.
1664431933635	Marionette	INFO	Marionette enabled
1664431933640	Marionette	INFO	Listening on port 33527
Read port: 33527
WebDriver BiDi listening on ws://127.0.0.1:55601
1664431933761	RemoteAgent	WARN	TLS certificate errors will be ignored for this session
[GFX1-]: RenderCompositorSWGL failed mapping default framebuffer, no dt
console.warn: SearchSettings: "get: No settings file exists, new profile?" (new NotFoundError("Could not open the file at /tmp/rust_mozprofiledWtioo/search.json.mozlz4", (void 0)))
Missing chrome or resource URL: resource://gre/modules/UpdateListener.sys.mjs
DevTools listening on ws://127.0.0.1:55601/devtools/browser/945fc0a9-a446-4252-9bfb-7dac5a488421
1664431943828	Marionette	WARN	Ignoring event 'DOMContentLoaded' because document has an invalid readyState of 'complete'.
JavaScript warning: https://cdn.ftd.agency/libs/e.js, line 49: WEBGL_debug_renderer_info is deprecated in Firefox and will be removed. Please use RENDERER.
1664431950314	Marionette	INFO	Stopped listening on port 33527
Missing chrome or resource URL: resource://gre/modules/UpdateListener.sys.mjs
console.error: "Error during quit-application-granted: [Exception... \"File error: Not found\"  nsresult: \"0x80520012 (NS_ERROR_FILE_NOT_FOUND)\"  location: \"JS frame :: resource:///modules/BrowserGlue.jsm :: _onQuitApplicationGranted/tasks< :: line 2009\"  data: no]"
